2025-07-03 09:01:12 INFO  Utils:112 - [Utils] MethodGroupsHelper.collectMethodsByGroup() took 0 ms.
2025-07-03 09:01:12 INFO  Utils:112 - [Utils] MethodGroupsHelper.sortMethods() took 2 ms.
2025-07-03 09:01:12 INFO  Utils:112 - [Utils] MethodGroupsHelper.collectMethodsByGroup() took 0 ms.
2025-07-03 09:01:12 INFO  Utils:112 - [Utils] MethodGroupsHelper.sortMethods() took 0 ms.
2025-07-03 09:01:12 INFO  Utils:112 - [Utils] MethodGroupsHelper.collectMethodsByGroup() took 0 ms.
2025-07-03 09:01:12 INFO  Utils:112 - [Utils] MethodGroupsHelper.sortMethods() took 0 ms.
2025-07-03 09:01:12 INFO  Utils:112 - [Utils] MethodGroupsHelper.collectMethodsByGroup() took 0 ms.
2025-07-03 09:01:12 INFO  Utils:112 - [Utils] MethodGroupsHelper.sortMethods() took 0 ms.
2025-07-03 09:01:12 INFO  Utils:112 - [Utils] MethodGroupsHelper.collectMethodsByGroup() took 1 ms.
2025-07-03 09:01:12 INFO  Utils:112 - [Utils] MethodGroupsHelper.sortMethods() took 8 ms.
2025-07-03 09:01:12 INFO  Utils:112 - [Utils] MethodGroupsHelper.collectMethodsByGroup() took 0 ms.
2025-07-03 09:01:12 INFO  Utils:112 - [Utils] MethodGroupsHelper.sortMethods() took 0 ms.
2025-07-03 09:01:12 INFO  Utils:112 - [Utils] MethodGroupsHelper.collectMethodsByGroup() took 0 ms.
2025-07-03 09:01:12 INFO  Utils:112 - [Utils] MethodGroupsHelper.sortMethods() took 0 ms.
2025-07-03 09:01:12 INFO  Utils:112 - [Utils] MethodGroupsHelper.collectMethodsByGroup() took 0 ms.
2025-07-03 09:01:12 INFO  Utils:112 - [Utils] MethodGroupsHelper.sortMethods() took 0 ms.
2025-07-03 09:01:12 INFO  Utils:112 - [Utils] MethodGroupsHelper.collectMethodsByGroup() took 0 ms.
2025-07-03 09:01:12 INFO  Utils:112 - [Utils] MethodGroupsHelper.sortMethods() took 0 ms.
2025-07-03 09:01:12 INFO  Utils:112 - [Utils] MethodGroupsHelper.collectMethodsByGroup() took 0 ms.
2025-07-03 09:01:12 INFO  Utils:112 - [Utils] MethodGroupsHelper.sortMethods() took 0 ms.
2025-07-03 09:01:12 INFO  Utils:112 - [Utils] MethodGroupsHelper.collectMethodsByGroup() took 0 ms.
2025-07-03 09:01:12 INFO  Utils:112 - [Utils] MethodGroupsHelper.sortMethods() took 0 ms.
2025-07-03 09:01:12 INFO  Utils:112 - [Utils] MethodGroupsHelper.collectMethodsByGroup() took 0 ms.
2025-07-03 09:01:12 INFO  Utils:112 - [Utils] MethodGroupsHelper.sortMethods() took 0 ms.
2025-07-03 09:01:12 INFO  Utils:112 - [Utils] MethodGroupsHelper.collectMethodsByGroup() took 0 ms.
2025-07-03 09:01:12 INFO  Utils:112 - [Utils] MethodGroupsHelper.sortMethods() took 0 ms.
2025-07-03 09:01:12 INFO  Utils:112 - [Utils] MethodGroupsHelper.collectMethodsByGroup() took 0 ms.
2025-07-03 09:01:12 INFO  Utils:112 - [Utils] MethodGroupsHelper.sortMethods() took 0 ms.
2025-07-03 09:01:12 INFO  Utils:112 - [Utils] MethodGroupsHelper.collectMethodsByGroup() took 0 ms.
2025-07-03 09:01:12 INFO  Utils:112 - [Utils] MethodGroupsHelper.sortMethods() took 0 ms.
2025-07-03 09:01:12 INFO  Utils:112 - [TestNG] Running:
  F:\Automation on SQA\TestNG project\OpencartTestWithTestNG\src\test\java\TestClasses\master.xml

2025-07-03 09:01:12 INFO  Utils:112 - [Utils] DynamicGraphHelper.createDynamicGraph() took 2 ms.
2025-07-03 09:01:14 INFO  WebDriverManager:1219 - Using chromedriver 138.0.7204.92 (resolved driver for Chrome 138)
2025-07-03 09:01:14 INFO  WebDriverManager:1281 - Exporting webdriver.chrome.driver as C:\Users\Hunter\.cache\selenium\chromedriver\win64\138.0.7204.92\chromedriver.exe
2025-07-03 09:01:15 INFO  WebDriverManager:1219 - Using chromedriver 138.0.7204.92 (resolved driver for Chrome 138)
2025-07-03 09:01:15 INFO  WebDriverManager:1281 - Exporting webdriver.chrome.driver as C:\Users\Hunter\.cache\selenium\chromedriver\win64\138.0.7204.92\chromedriver.exe
2025-07-03 09:01:17 INFO  Base_Class:15 - ----starting TC002 log in test 
2025-07-03 09:01:29 INFO  Utils:112 - [TestNG] Time taken by org.testng.internal.ExitCodeListener@53d13cd4: 0 ms
2025-07-03 09:03:04 INFO  Utils:112 - [Utils] MethodGroupsHelper.collectMethodsByGroup() took 0 ms.
2025-07-03 09:03:04 INFO  Utils:112 - [Utils] MethodGroupsHelper.sortMethods() took 0 ms.
2025-07-03 09:03:04 INFO  Utils:112 - [Utils] MethodGroupsHelper.collectMethodsByGroup() took 0 ms.
2025-07-03 09:03:04 INFO  Utils:112 - [Utils] MethodGroupsHelper.sortMethods() took 0 ms.
2025-07-03 09:03:04 INFO  Utils:112 - [Utils] MethodGroupsHelper.collectMethodsByGroup() took 0 ms.
2025-07-03 09:03:04 INFO  Utils:112 - [Utils] MethodGroupsHelper.sortMethods() took 0 ms.
2025-07-03 09:03:04 INFO  Utils:112 - [Utils] MethodGroupsHelper.collectMethodsByGroup() took 0 ms.
2025-07-03 09:03:04 INFO  Utils:112 - [Utils] MethodGroupsHelper.sortMethods() took 0 ms.
2025-07-03 09:03:04 INFO  Utils:112 - [Utils] MethodGroupsHelper.collectMethodsByGroup() took 1 ms.
2025-07-03 09:03:04 INFO  Utils:112 - [Utils] MethodGroupsHelper.sortMethods() took 5 ms.
2025-07-03 09:03:04 INFO  Utils:112 - [Utils] MethodGroupsHelper.collectMethodsByGroup() took 0 ms.
2025-07-03 09:03:04 INFO  Utils:112 - [Utils] MethodGroupsHelper.sortMethods() took 0 ms.
2025-07-03 09:03:04 INFO  Utils:112 - [Utils] MethodGroupsHelper.collectMethodsByGroup() took 0 ms.
2025-07-03 09:03:04 INFO  Utils:112 - [Utils] MethodGroupsHelper.sortMethods() took 0 ms.
2025-07-03 09:03:04 INFO  Utils:112 - [Utils] MethodGroupsHelper.collectMethodsByGroup() took 0 ms.
2025-07-03 09:03:04 INFO  Utils:112 - [Utils] MethodGroupsHelper.sortMethods() took 0 ms.
2025-07-03 09:03:04 INFO  Utils:112 - [Utils] MethodGroupsHelper.collectMethodsByGroup() took 0 ms.
2025-07-03 09:03:04 INFO  Utils:112 - [Utils] MethodGroupsHelper.sortMethods() took 0 ms.
2025-07-03 09:03:04 INFO  Utils:112 - [Utils] MethodGroupsHelper.collectMethodsByGroup() took 0 ms.
2025-07-03 09:03:04 INFO  Utils:112 - [Utils] MethodGroupsHelper.sortMethods() took 0 ms.
2025-07-03 09:03:04 INFO  Utils:112 - [Utils] MethodGroupsHelper.collectMethodsByGroup() took 0 ms.
2025-07-03 09:03:04 INFO  Utils:112 - [Utils] MethodGroupsHelper.sortMethods() took 0 ms.
2025-07-03 09:03:04 INFO  Utils:112 - [Utils] MethodGroupsHelper.collectMethodsByGroup() took 0 ms.
2025-07-03 09:03:04 INFO  Utils:112 - [Utils] MethodGroupsHelper.sortMethods() took 0 ms.
2025-07-03 09:03:04 INFO  Utils:112 - [Utils] MethodGroupsHelper.collectMethodsByGroup() took 0 ms.
2025-07-03 09:03:04 INFO  Utils:112 - [Utils] MethodGroupsHelper.sortMethods() took 0 ms.
2025-07-03 09:03:04 INFO  Utils:112 - [Utils] MethodGroupsHelper.collectMethodsByGroup() took 0 ms.
2025-07-03 09:03:04 INFO  Utils:112 - [Utils] MethodGroupsHelper.sortMethods() took 0 ms.
2025-07-03 09:03:04 INFO  Utils:112 - [Utils] MethodGroupsHelper.collectMethodsByGroup() took 0 ms.
2025-07-03 09:03:04 INFO  Utils:112 - [Utils] MethodGroupsHelper.sortMethods() took 0 ms.
2025-07-03 09:03:04 INFO  Utils:112 - [TestNG] Running:
  F:\Automation on SQA\TestNG project\OpencartTestWithTestNG\src\test\java\TestClasses\master.xml

2025-07-03 09:03:04 INFO  Utils:112 - [Utils] DynamicGraphHelper.createDynamicGraph() took 3 ms.
2025-07-03 09:03:05 INFO  WebDriverManager:1219 - Using chromedriver 138.0.7204.92 (resolved driver for Chrome 138)
2025-07-03 09:03:05 INFO  WebDriverManager:1281 - Exporting webdriver.chrome.driver as C:\Users\Hunter\.cache\selenium\chromedriver\win64\138.0.7204.92\chromedriver.exe
2025-07-03 09:03:05 INFO  WebDriverManager:1219 - Using chromedriver 138.0.7204.92 (resolved driver for Chrome 138)
2025-07-03 09:03:05 INFO  WebDriverManager:1281 - Exporting webdriver.chrome.driver as C:\Users\Hunter\.cache\selenium\chromedriver\win64\138.0.7204.92\chromedriver.exe
2025-07-03 09:03:07 INFO  Base_Class:15 - ----starting TC002 log in test 
2025-07-03 09:03:08 INFO  Base_Class:38 - ----finished TC002 log in test
2025-07-03 09:03:08 INFO  Utils:112 - [TestNG] Time taken by org.testng.internal.ExitCodeListener@53b8afea: 0 ms
